<?xml version="1.0" encoding="UTF-8"?>
<!-- Generated by org.testng.reporters.JUnitReportReporter -->
<testsuite hostname="DESKTOP-P2BVMSV" failures="0" tests="1" name="group.Automation_Web01.IframeExample" time="16.874" errors="0" timestamp="2024-04-28T18:24:09 BDT" skipped="0">
  <testcase classname="group.Automation_Web01.IframeExample" name="test" time="16.874"/>
  <system-out/>
</testsuite> <!-- group.Automation_Web01.IframeExample -->
