<?xml version="1.0" encoding="UTF-8"?>
<!-- Generated by org.testng.reporters.JUnitReportReporter -->
<testsuite hostname="DESKTOP-P2BVMSV" failures="0" tests="1" name="group.Automation_Web01.Class4InteractingWithWebElements" time="9.839" errors="0" timestamp="2024-04-30T14:09:11 BDT" skipped="0">
  <testcase classname="group.Automation_Web01.Class4InteractingWithWebElements" name="test" time="9.839"/>
  <system-out/>
</testsuite> <!-- group.Automation_Web01.Class4InteractingWithWebElements -->
