<?xml version="1.0" encoding="UTF-8"?>
<!-- Generated by org.testng.reporters.JUnitReportReporter -->
<testsuite hostname="DESKTOP-P2BVMSV" failures="0" tests="1" name="group.Automation_Web01.AdvanceLocator" time="11.567" errors="0" timestamp="2024-04-28T23:45:59 BDT" skipped="0">
  <testcase classname="group.Automation_Web01.AdvanceLocator" name="testpage" time="11.567"/>
  <system-out/>
</testsuite> <!-- group.Automation_Web01.AdvanceLocator -->
