<?xml version="1.0" encoding="UTF-8"?>
<!-- Generated by org.testng.reporters.JUnitReportReporter -->
<testsuite hostname="DESKTOP-P2BVMSV" failures="0" tests="2" name="group.Automation_Web01.annotation_example" time="0.010" errors="0" timestamp="2024-04-30T13:01:48 BDT" skipped="0">
  <testcase classname="group.Automation_Web01.annotation_example" name="secondtTest" time="0.008"/>
  <system-out/>
  <testcase classname="group.Automation_Web01.annotation_example" name="firstTest" time="0.002"/>
  <system-out/>
</testsuite> <!-- group.Automation_Web01.annotation_example -->
