<?xml version="1.0" encoding="UTF-8"?>
<!-- Generated by org.testng.reporters.JUnitReportReporter -->
<testsuite hostname="DESKTOP-P2BVMSV" failures="0" tests="1" name="group.Automation_Web01.Class5Hover" time="25.180" errors="0" timestamp="2024-04-30T17:41:22 BDT" skipped="0">
  <testcase classname="group.Automation_Web01.Class5Hover" name="test" time="25.180"/>
  <system-out/>
</testsuite> <!-- group.Automation_Web01.Class5Hover -->
