<?xml version="1.0" encoding="UTF-8"?>
<!-- Generated by org.testng.reporters.JUnitReportReporter -->
<testsuite hostname="DESKTOP-P2BVMSV" failures="0" tests="1" name="group.Automation_Web01.AdvanceLocator" time="20.917" errors="0" timestamp="2024-04-27T21:22:26 BDT" skipped="0">
  <testcase classname="group.Automation_Web01.AdvanceLocator" name="testpage" time="20.917"/>
  <system-out/>
</testsuite> <!-- group.Automation_Web01.AdvanceLocator -->
