<?xml version="1.0" encoding="UTF-8"?>
<!-- Generated by org.testng.reporters.JUnitReportReporter -->
<testsuite hostname="DESKTOP-P2BVMSV" failures="0" tests="1" name="group.Automation_Web01.Class6_Iframe" time="55.353" errors="0" timestamp="2024-04-28T20:11:02 BDT" skipped="0">
  <testcase classname="group.Automation_Web01.Class6_Iframe" name="test" time="55.353"/>
  <system-out/>
</testsuite> <!-- group.Automation_Web01.Class6_Iframe -->
