<?xml version="1.0" encoding="UTF-8"?>
<!-- Generated by org.testng.reporters.JUnitReportReporter -->
<testsuite hostname="DESKTOP-P2BVMSV" failures="0" tests="1" name="group.Automation_Web01.Class3HandlingBrowser" time="35.097" errors="0" timestamp="2024-04-30T02:01:06 BDT" skipped="0">
  <testcase classname="group.Automation_Web01.Class3HandlingBrowser" name="browser" time="35.097"/>
  <system-out/>
</testsuite> <!-- group.Automation_Web01.Class3HandlingBrowser -->
