<?xml version="1.0" encoding="UTF-8"?>
<!-- Generated by org.testng.reporters.JUnitReportReporter -->
<testsuite hostname="DESKTOP-P2BVMSV" failures="0" tests="1" name="group.Automation_Web01.Class3" time="8.534" errors="0" timestamp="2024-04-30T00:00:18 BDT" skipped="0">
  <testcase classname="group.Automation_Web01.Class3" name="test" time="8.534"/>
  <system-out/>
</testsuite> <!-- group.Automation_Web01.Class3 -->
