<?xml version="1.0" encoding="UTF-8"?>
<!-- Generated by org.testng.reporters.JUnitReportReporter -->
<testsuite hostname="DESKTOP-P2BVMSV" failures="0" tests="1" name="group.Automation_Web01.Class5Scroll" time="16.012" errors="0" timestamp="2024-04-30T20:11:05 BDT" skipped="0">
  <testcase classname="group.Automation_Web01.Class5Scroll" name="test" time="16.012"/>
  <system-out/>
</testsuite> <!-- group.Automation_Web01.Class5Scroll -->
