<?xml version="1.0" encoding="UTF-8"?>
<!-- Generated by org.testng.reporters.JUnitReportReporter -->
<testsuite hostname="DESKTOP-P2BVMSV" failures="0" tests="1" name="group.Automation_Web01.TestAutomation" time="18.777" errors="0" timestamp="2024-04-19T12:29:51 BDT" skipped="0">
  <testcase classname="group.Automation_Web01.TestAutomation" name="test" time="18.777"/>
  <system-out/>
</testsuite> <!-- group.Automation_Web01.TestAutomation -->
