<?xml version="1.0" encoding="UTF-8"?>
<!-- Generated by org.testng.reporters.JUnitReportReporter -->
<testsuite hostname="DESKTOP-P2BVMSV" failures="0" tests="1" name="group.Automation_Web01.Locators" time="25.686" errors="0" timestamp="2024-04-25T19:12:31 BDT" skipped="0">
  <testcase classname="group.Automation_Web01.Locators" name="locators" time="25.686"/>
  <system-out/>
</testsuite> <!-- group.Automation_Web01.Locators -->
