<?xml version="1.0" encoding="UTF-8"?>
<!-- Generated by org.testng.reporters.JUnitReportReporter -->
<testsuite hostname="DESKTOP-P2BVMSV" failures="0" tests="1" name="group.Automation_Web01.Class5Select" time="14.495" errors="0" timestamp="2024-04-30T15:45:07 BDT" skipped="0">
  <testcase classname="group.Automation_Web01.Class5Select" name="test" time="14.495"/>
  <system-out/>
</testsuite> <!-- group.Automation_Web01.Class5Select -->
